<?xml version="1.0" encoding="UTF-8"?>
<testsuite xmlns:xsi="http://www.w3.org/2001/XMLSchema-instance" xsi:noNamespaceSchemaLocation="https://maven.apache.org/surefire/maven-surefire-plugin/xsd/surefire-test-report.xsd" name="TestSuite" time="25.192" tests="3" errors="0" skipped="0" failures="0">
  <properties>
    <property name="java.specification.version" value="19"/>
    <property name="sun.cpu.isalist" value="amd64"/>
    <property name="sun.jnu.encoding" value="Cp1252"/>
    <property name="java.class.path" value="C:\apache-maven-3.6.3\bin\..\boot\plexus-classworlds-2.6.0.jar"/>
    <property name="java.vm.vendor" value="Oracle Corporation"/>
    <property name="sun.arch.data.model" value="64"/>
    <property name="user.variant" value=""/>
    <property name="java.vendor.url" value="https://java.oracle.com/"/>
    <property name="user.timezone" value="America/Toronto"/>
    <property name="maven.conf" value="C:\apache-maven-3.6.3\bin\../conf"/>
    <property name="java.vm.specification.version" value="19"/>
    <property name="os.name" value="Windows 10"/>
    <property name="sun.java.launcher" value="SUN_STANDARD"/>
    <property name="user.country" value="CA"/>
    <property name="sun.boot.library.path" value="C:\Users\Cibin\.jdks\openjdk-19.0.2\bin"/>
    <property name="sun.java.command" value="org.codehaus.plexus.classworlds.launcher.Launcher clean install"/>
    <property name="jdk.debug" value="release"/>
    <property name="maven.home" value="C:\apache-maven-3.6.3\bin\.."/>
    <property name="sun.cpu.endian" value="little"/>
    <property name="user.home" value="C:\Users\Cibin"/>
    <property name="user.language" value="en"/>
    <property name="java.specification.vendor" value="Oracle Corporation"/>
    <property name="java.version.date" value="2023-01-17"/>
    <property name="java.home" value="C:\Users\Cibin\.jdks\openjdk-19.0.2"/>
    <property name="file.separator" value="\"/>
    <property name="java.vm.compressedOopsMode" value="32-bit"/>
    <property name="line.separator" value="&#10;"/>
    <property name="java.vm.specification.vendor" value="Oracle Corporation"/>
    <property name="java.specification.name" value="Java Platform API Specification"/>
    <property name="user.script" value=""/>
    <property name="sun.management.compiler" value="HotSpot 64-Bit Tiered Compilers"/>
    <property name="java.runtime.version" value="19.0.2+7-44"/>
    <property name="user.name" value="Cibin"/>
    <property name="stdout.encoding" value="cp437"/>
    <property name="path.separator" value=";"/>
    <property name="os.version" value="10.0"/>
    <property name="java.runtime.name" value="OpenJDK Runtime Environment"/>
    <property name="file.encoding" value="UTF-8"/>
    <property name="guice.disable.misplaced.annotation.check" value="true"/>
    <property name="java.vm.name" value="OpenJDK 64-Bit Server VM"/>
    <property name="java.vendor.url.bug" value="https://bugreport.java.com/bugreport/"/>
    <property name="java.io.tmpdir" value="C:\Users\Cibin\AppData\Local\Temp\"/>
    <property name="java.version" value="19.0.2"/>
    <property name="user.dir" value="C:\Users\Cibin\Desktop\BusyQA\Eclipse\test\PrimeReactV5CheckBox"/>
    <property name="os.arch" value="amd64"/>
    <property name="maven.multiModuleProjectDirectory" value="C:\Users\Cibin\Desktop\BusyQA\Eclipse\test\PrimeReactV5CheckBox"/>
    <property name="java.vm.specification.name" value="Java Virtual Machine Specification"/>
    <property name="sun.os.patch.level" value=""/>
    <property name="native.encoding" value="Cp1252"/>
    <property name="java.library.path" value="C:\Users\Cibin\.jdks\openjdk-19.0.2\bin;C:\WINDOWS\Sun\Java\bin;C:\WINDOWS\system32;C:\WINDOWS;C:\Program Files\Common Files\Oracle\Java\javapath;C:\Program Files (x86)\Common Files\Oracle\Java\javapath;C:\Program Files (x86)\TRICENTIS\Tosca Testsuite\Classic;C:\Program Files (x86)\TRICENTIS\Tosca Testsuite\ToscaCommander;;C:\Program Files (x86)\TRICENTIS\Tosca Testsuite\Classic;C:\Program Files (x86)\TRICENTIS\Tosca Testsuite\Classic\dll;C:\Program Files (x86)\TRICENTIS\Tosca Testsuite\Classic\dll\GuptaEngine;C:\Program Files (x86)\TRICENTIS\Tosca Testsuite\ToscaCommander;C:\Program Files (x86)\TRICENTIS\Tosca Testsuite\Classic\dll\DelphiEngine;C:\Program Files (x86)\TRICENTIS\Tosca Testsuite\Classic\dll\PBEngine;C:\Program Files (x86)\TRICENTIS\Tosca Testsuite\Classic\dll\VBEngine;C:\Program Files (x86)\TRICENTIS\Tosca Testsuite\Classic\dll\DotNetHooking;;C:\Program Files (x86)\TRICENTIS\Tosca Testsuite\TBox\\Resources\Mobile\Tools;C:\oraclexe\app\oracle\product\11.2.0\server\bin;C:\WINDOWS\system32;C:\WINDOWS;C:\WINDOWS\System32\Wbem;C:\WINDOWS\System32\WindowsPowerShell\v1.0\;C:\WINDOWS\System32\OpenSSH\;C:\Program Files\Azure Data Studio\bin;C:\Program Files\nodejs\;C:\Users\Cibin\.jdks\openjdk-19.0.2;C:\Users\Cibin\AppData\Local\Programs\Python\Python311;C:\Users\Cibin\AppData\Local\Programs\Python\Python311\Lib\site-packages;C:\Users\Cibin\AppData\Local\Programs\Python\Python311\Scripts;C:\Program Files\Git\cmd;C:\Program Files (x86)\Microsoft SQL Server\160\Tools\Binn\;C:\Program Files\Microsoft SQL Server\160\Tools\Binn\;C:\Program Files\Microsoft SQL Server\Client SDK\ODBC\170\Tools\Binn\;C:\Program Files\Microsoft SQL Server\160\DTS\Binn\;C:\Program Files (x86)\Microsoft SQL Server\160\DTS\Binn\;C:\Program Files\PuTTY\;C:\Users\Cibin\Desktop\BusyQA\Python\Scripts\;C:\Users\Cibin\Desktop\BusyQA\Python\;C:\Users\Cibin\Desktop\BusyQA\Scripts\;C:\Users\Cibin\Desktop\BusyQA\;C:\Users\Cibin\AppData\Local\Microsoft\WindowsApps;C:\Users\Cibin\.jdks\openjdk-19.0.2;C:\apache-maven-3.6.3\bin\;C:\apache-maven-3.6.3\\bin\;C:\apache-maven-3.6.3\;C:\Program Files\Git\bin;C:\Users\Cibin\AppData\Local\Programs\Fiddler;C:\Users\Cibin\AppData\Local\Microsoft\WindowsApps;C:\Program Files\Azure Data Studio\bin;C:\Users\Cibin\AppData\Roaming\npm;C:\Program Files\JetBrains\IntelliJ IDEA Community Edition 2022.3.1\bin;;C:\Users\Cibin\AppData\Local\Programs\Python\Python311;C:\Users\Cibin\AppData\Local\Programs\Python\Python311\Lib\site-packages;C:\Program Files\JetBrains\PyCharm 2023.1.1\bin;;C:\Program Files\JetBrains\PyCharm Community Edition 2023.1.1\bin;;C:\Users\Cibin\AppData\Local\Programs\Python\Python311\Scripts;;."/>
    <property name="java.vm.info" value="mixed mode, sharing"/>
    <property name="stderr.encoding" value="cp437"/>
    <property name="java.vendor" value="Oracle Corporation"/>
    <property name="java.vm.version" value="19.0.2+7-44"/>
    <property name="classworlds.conf" value="C:\apache-maven-3.6.3\bin\..\bin\m2.conf"/>
    <property name="sun.io.unicode.encoding" value="UnicodeLittle"/>
    <property name="library.jansi.path" value="C:\apache-maven-3.6.3\bin\..\lib\jansi-native"/>
    <property name="java.class.version" value="63.0"/>
  </properties>
  <testcase name="checkboxTest" classname="uitests.TestDataTable" time="0.829"/>
  <testcase name="checkboxTest" classname="uitests.TestDataTable" time="0.643"/>
  <testcase name="checkboxTest" classname="uitests.TestDataTable" time="0.614"/>
</testsuite>