<?xml version="1.0" encoding="UTF-8"?>
<!-- Generated by org.testng.reporters.JUnitReportReporter -->
<testsuite hostname="DESKTOP-A1GG2FQ" failures="0" tests="3" name="uitests.TestDataTable" time="2.078" errors="0" timestamp="2023-09-13T11:17:53 EDT" skipped="0">
  <testcase classname="uitests.TestDataTable" name="checkboxTest" time="0.642"/>
  <system-out/>
  <testcase classname="uitests.TestDataTable" name="checkboxTest" time="0.614"/>
  <system-out/>
  <testcase classname="uitests.TestDataTable" name="checkboxTest" time="0.822"/>
  <system-out/>
</testsuite> <!-- uitests.TestDataTable -->
