<?xml version="1.0" encoding="UTF-8"?>
<!-- Generated by org.testng.reporters.JUnitReportReporter -->
<testsuite hostname="DESKTOP-A1GG2FQ" failures="0" tests="3" name="uitests.TestDataTable" time="1.773" errors="0" timestamp="2023-08-21T17:59:41 EDT" skipped="0">
  <testcase classname="uitests.TestDataTable" name="checkboxTest" time="0.888"/>
  <system-out/>
  <testcase classname="uitests.TestDataTable" name="checkboxTest" time="0.341"/>
  <system-out/>
  <testcase classname="uitests.TestDataTable" name="checkboxTest" time="0.544"/>
  <system-out/>
</testsuite> <!-- uitests.TestDataTable -->
