<?xml version="1.0" encoding="UTF-8"?>
<!-- Generated by org.testng.reporters.JUnitReportReporter -->
<testsuite hostname="DESKTOP-A1GG2FQ" failures="0" tests="3" name="uitests.TestDataTable" time="2.027" errors="0" timestamp="2023-07-27T13:41:54 EDT" skipped="0">
  <testcase classname="uitests.TestDataTable" name="checkboxTest" time="1.023"/>
  <system-out/>
  <testcase classname="uitests.TestDataTable" name="checkboxTest" time="0.398"/>
  <system-out/>
  <testcase classname="uitests.TestDataTable" name="checkboxTest" time="0.606"/>
  <system-out/>
</testsuite> <!-- uitests.TestDataTable -->
